Using pre-set license
Built from '2023.1/staging' branch; Version is '2023.1.1f1 (46620eadcc07) revision 4612622'; Using compiler version '192829333'; Build Type 'Release'
OS: 'Windows 11  (10.0.26100) 64bit Professional' Language: 'en' Physical Memory: 31853 MB
BatchMode: 1, IsHumanControllingUs: 0, StartBugReporterOnCrash: 0, Is64bit: 1, IsPro: 1

COMMAND LINE ARGUMENTS:
F:\UNITY\2023.1.1f1\Editor\Unity.exe
-adb2
-batchMode
-noUpm
-name
AssetImportWorker2
-projectPath
F:/downloads/Test
-logFile
Logs/AssetImportWorker2.log
-srvPort
57904
Successfully changed project path to: F:/downloads/Test
F:/downloads/Test
[UnityMemory] Configuration Parameters - Can be set up in boot.config
    "memorysetup-bucket-allocator-granularity=16"
    "memorysetup-bucket-allocator-bucket-count=8"
    "memorysetup-bucket-allocator-block-size=33554432"
    "memorysetup-bucket-allocator-block-count=8"
    "memorysetup-main-allocator-block-size=16777216"
    "memorysetup-thread-allocator-block-size=16777216"
    "memorysetup-gfx-main-allocator-block-size=16777216"
    "memorysetup-gfx-thread-allocator-block-size=16777216"
    "memorysetup-cache-allocator-block-size=4194304"
    "memorysetup-typetree-allocator-block-size=2097152"
    "memorysetup-profiler-bucket-allocator-granularity=16"
    "memorysetup-profiler-bucket-allocator-bucket-count=8"
    "memorysetup-profiler-bucket-allocator-block-size=33554432"
    "memorysetup-profiler-bucket-allocator-block-count=8"
    "memorysetup-profiler-allocator-block-size=16777216"
    "memorysetup-profiler-editor-allocator-block-size=1048576"
    "memorysetup-temp-allocator-size-main=16777216"
    "memorysetup-job-temp-allocator-block-size=2097152"
    "memorysetup-job-temp-allocator-block-size-background=1048576"
    "memorysetup-job-temp-allocator-reduction-small-platforms=262144"
    "memorysetup-allocator-temp-initial-block-size-main=262144"
    "memorysetup-allocator-temp-initial-block-size-worker=262144"
    "memorysetup-temp-allocator-size-background-worker=32768"
    "memorysetup-temp-allocator-size-job-worker=262144"
    "memorysetup-temp-allocator-size-preload-manager=33554432"
    "memorysetup-temp-allocator-size-nav-mesh-worker=65536"
    "memorysetup-temp-allocator-size-audio-worker=65536"
    "memorysetup-temp-allocator-size-cloud-worker=32768"
    "memorysetup-temp-allocator-size-gi-baking-worker=262144"
    "memorysetup-temp-allocator-size-gfx=262144"
Player connection [43036] Host "[IP] 172.31.32.1 [Port] 0 [Flags] 2 [Guid] 994252003 [EditorId] 994252003 [Version] 1048832 [Id] WindowsEditor(7,FIREX-PC) [Debug] 1 [PackageName] WindowsEditor [ProjectName] Editor" joined multi-casting on [225.0.0.222:54997]...

Player connection [43036] Host "[IP] 172.31.32.1 [Port] 0 [Flags] 2 [Guid] 994252003 [EditorId] 994252003 [Version] 1048832 [Id] WindowsEditor(7,FIREX-PC) [Debug] 1 [PackageName] WindowsEditor [ProjectName] Editor" joined alternative multi-casting on [225.0.0.222:34997]...

Library Redirect Path: Library/Refreshing native plugins compatible for Editor in 5.57 ms, found 4 plugins.
Preloading 0 native plugins for Editor in 0.00 ms.
Initialize engine version: 2023.1.1f1 (46620eadcc07)
[Subsystems] Discovering subsystems at path F:/UNITY/2023.1.1f1/Editor/Data/Resources/UnitySubsystems
[Subsystems] Discovering subsystems at path F:/downloads/Test/Assets
GfxDevice: creating device client; threaded=0; jobified=0
Direct3D:
    Version:  Direct3D 11.0 [level 11.1]
    Renderer: NVIDIA GeForce RTX 3060 (ID=0x2504)
    Vendor:   NVIDIA
    VRAM:     12115 MB
    Driver:   32.0.15.7283
Initialize mono
Mono path[0] = 'F:/UNITY/2023.1.1f1/Editor/Data/Managed'
Mono path[1] = 'F:/UNITY/2023.1.1f1/Editor/Data/MonoBleedingEdge/lib/mono/unityjit-win32'
Mono config path = 'F:/UNITY/2023.1.1f1/Editor/Data/MonoBleedingEdge/etc'
Using monoOptions --debugger-agent=transport=dt_socket,embedding=1,server=y,suspend=n,address=127.0.0.1:56904
Begin MonoManager ReloadAssembly
C:\build\output\Unity-Technologies\mono\mono\metadata\icall.c:1842:
C:\build\output\Unity-Technologies\mono\mono\metadata\icall.c:1842:
C:\build\output\Unity-Technologies\mono\mono\metadata\icall.c:1842:
C:\build\output\Unity-Technologies\mono\mono\metadata\icall.c:1842:
C:\build\output\Unity-Technologies\mono\mono\metadata\icall.c:1842:
C:\build\output\Unity-Technologies\mono\mono\metadata\icall.c:1842:
C:\build\output\Unity-Technologies\mono\mono\metadata\icall.c:1842:
C:\build\output\Unity-Technologies\mono\mono\metadata\icall.c:1842:
C:\build\output\Unity-Technologies\mono\mono\metadata\icall.c:1842:
C:\build\output\Unity-Technologies\mono\mono\metadata\icall.c:1842:
Registering precompiled unity dll's ...
Register platform support module: F:/UNITY/2023.1.1f1/Editor/Data/PlaybackEngines/WindowsStandaloneSupport/UnityEditor.WindowsStandalone.Extensions.dll
Registered in 0.001297 seconds.
- Loaded All Assemblies, in  0.244 seconds
Native extension for WindowsStandalone target not found
Mono: successfully reloaded assembly
C:\build\output\Unity-Technologies\mono\mono\metadata\icall.c:1842:
C:\build\output\Unity-Technologies\mono\mono\metadata\icall.c:1842:
- Finished resetting the current domain, in  0.182 seconds
Domain Reload Profiling: 427ms
	BeginReloadAssembly (85ms)
		ExecutionOrderSort (0ms)
		DisableScriptedObjects (0ms)
		BackupInstance (0ms)
		ReleaseScriptingObjects (0ms)
		CreateAndSetChildDomain (0ms)
	RebuildCommonClasses (23ms)
	RebuildNativeTypeToScriptingClass (9ms)
	initialDomainReloadingComplete (32ms)
	LoadAllAssembliesAndSetupDomain (95ms)
		LoadAssemblies (84ms)
		RebuildTransferFunctionScriptingTraits (0ms)
		AnalyzeDomain (93ms)
			TypeCache.Refresh (92ms)
				TypeCache.ScanAssembly (84ms)
			ScanForSourceGeneratedMonoScriptInfo (0ms)
			ResolveRequiredComponents (0ms)
	FinalizeReload (183ms)
		ReleaseScriptCaches (0ms)
		RebuildScriptCaches (0ms)
		SetupLoadedEditorAssemblies (153ms)
			LogAssemblyErrors (0ms)
			InitializePlatformSupportModulesInManaged (5ms)
			SetLoadedEditorAssemblies (4ms)
			BeforeProcessingInitializeOnLoad (4ms)
			ProcessInitializeOnLoadAttributes (104ms)
			ProcessInitializeOnLoadMethodAttributes (36ms)
			AfterProcessingInitializeOnLoad (0ms)
			EditorAssembliesLoaded (0ms)
		ExecutionOrderSort2 (0ms)
		AwakeInstancesAfterBackupRestoration (0ms)
========================================================================
Worker process is ready to serve import requests
Import Worker Mode flag is 0x00
Begin MonoManager ReloadAssembly
C:\build\output\Unity-Technologies\mono\mono\metadata\icall.c:1842:
C:\build\output\Unity-Technologies\mono\mono\metadata\icall.c:1842:
C:\build\output\Unity-Technologies\mono\mono\metadata\icall.c:1842:
C:\build\output\Unity-Technologies\mono\mono\metadata\icall.c:1842:
C:\build\output\Unity-Technologies\mono\mono\metadata\icall.c:1842:
C:\build\output\Unity-Technologies\mono\mono\metadata\icall.c:1842:
C:\build\output\Unity-Technologies\mono\mono\metadata\icall.c:1842:
C:\build\output\Unity-Technologies\mono\mono\metadata\icall.c:1842:
C:\build\output\Unity-Technologies\mono\mono\metadata\icall.c:1842:
C:\build\output\Unity-Technologies\mono\mono\metadata\icall.c:1842:
C:\build\output\Unity-Technologies\mono\mono\metadata\icall.c:1842:
C:\build\output\Unity-Technologies\mono\mono\metadata\icall.c:1842:
Symbol file LoadedFromMemory doesn't match image F:\downloads\Test\Library\PackageCache\com.unity.visualscripting@1.8.0\Editor\VisualScripting.Core\Dependencies\YamlDotNet\Unity.VisualScripting.YamlDotNet.dll
Symbol file LoadedFromMemory doesn't match image F:\downloads\Test\Library\PackageCache\com.unity.visualscripting@1.8.0\Editor\VisualScripting.Core\Dependencies\DotNetZip\Unity.VisualScripting.IonicZip.dll
- Loaded All Assemblies, in  0.579 seconds
Refreshing native plugins compatible for Editor in 3.30 ms, found 4 plugins.
Native extension for WindowsStandalone target not found
Mono: successfully reloaded assembly
- Finished resetting the current domain, in  0.415 seconds
Domain Reload Profiling: 994ms
	BeginReloadAssembly (201ms)
		ExecutionOrderSort (0ms)
		DisableScriptedObjects (5ms)
		BackupInstance (0ms)
		ReleaseScriptingObjects (0ms)
		CreateAndSetChildDomain (25ms)
	RebuildCommonClasses (21ms)
	RebuildNativeTypeToScriptingClass (7ms)
	initialDomainReloadingComplete (23ms)
	LoadAllAssembliesAndSetupDomain (326ms)
		LoadAssemblies (196ms)
		RebuildTransferFunctionScriptingTraits (0ms)
		AnalyzeDomain (192ms)
			TypeCache.Refresh (177ms)
				TypeCache.ScanAssembly (168ms)
			ScanForSourceGeneratedMonoScriptInfo (12ms)
			ResolveRequiredComponents (2ms)
	FinalizeReload (415ms)
		ReleaseScriptCaches (0ms)
		RebuildScriptCaches (0ms)
		SetupLoadedEditorAssemblies (259ms)
			LogAssemblyErrors (0ms)
			InitializePlatformSupportModulesInManaged (3ms)
			SetLoadedEditorAssemblies (2ms)
			BeforeProcessingInitializeOnLoad (52ms)
			ProcessInitializeOnLoadAttributes (176ms)
			ProcessInitializeOnLoadMethodAttributes (25ms)
			AfterProcessingInitializeOnLoad (1ms)
			EditorAssembliesLoaded (0ms)
		ExecutionOrderSort2 (0ms)
		AwakeInstancesAfterBackupRestoration (8ms)
Launched and connected shader compiler UnityShaderCompiler.exe after 0.03 seconds
Refreshing native plugins compatible for Editor in 3.49 ms, found 4 plugins.
Preloading 0 native plugins for Editor in 0.00 ms.
Unloading 4118 Unused Serialized files (Serialized files now loaded: 0)
Unloading 63 unused Assets / (56.7 KB). Loaded Objects now: 4660.
Memory consumption went from 151.2 MB to 151.2 MB.
Total: 5.004300 ms (FindLiveObjects: 0.415500 ms CreateObjectMapping: 0.163900 ms MarkObjects: 4.287100 ms  DeleteObjects: 0.136500 ms)

AssetImportParameters requested are different than current active one (requested -> active):
  custom:video-decoder-webm-vp8: 9c59270c3fd7afecdb556c50c9e8de78 -> 
  custom:audio-encoder-webm-vorbis: bf7c407c2cedff20999df2af8eb42d56 -> 
  custom:AudioImporter_EditorPlatform: d09bf68614088b80899f8185d706f6e7 -> 
  custom:audio-decoder-ogg-vorbis: bf7c407c2cedff20999df2af8eb42d56 -> 
  custom:video-encoder-webm-vp8: eb34c28f22e8b96e1ab97ce403110664 -> 
  custom:container-demuxer-ogg: 62fdf1f143b41e24485cea50d1cbac27 -> 
  custom:framework-win-MediaFoundation: 216162199b28c13a410421893ffa2e32 -> 
  custom:video-decoder-ogg-theora: a1e56fd34408186e4bbccfd4996cb3dc -> 
  custom:container-muxer-webm: aa71ff27fc2769a1b78a27578f13a17b -> 
  custom:video-codec-MediaFoundation-h265: 746d11721c4dcdbdad8f713fa42b33f4 -> 
  custom:container-demuxer-webm: 4f35f7cbe854078d1ac9338744f61a02 -> 
========================================================================
Received Import Request.
  Time since last request: 211376.901031 seconds.
  path: Assets/Simple Tooltip/Resources/SimpleTooltip.prefab
  artifactKey: Guid(8037e05bad2415743ba7093be0b35598) Importer(815301076,1909f56bfc062723c751e8b465ee728b)
Start importing Assets/Simple Tooltip/Resources/SimpleTooltip.prefab using Guid(8037e05bad2415743ba7093be0b35598) Importer(815301076,1909f56bfc062723c751e8b465ee728b)  -> (artifact id: 'c4dba1b9e4485e79b17147cc46383f81') in 0.041758 seconds
Number of updated asset objects reloaded before import = 0
Number of asset objects unloaded after import = 24
========================================================================
Received Import Request.
  Time since last request: 69.585381 seconds.
  path: Assets/Resources/UI/AddGroup/AddGroupView.prefab
  artifactKey: Guid(b553e16af9dbf734db591b483ce36b1c) Importer(815301076,1909f56bfc062723c751e8b465ee728b)
Start importing Assets/Resources/UI/AddGroup/AddGroupView.prefab using Guid(b553e16af9dbf734db591b483ce36b1c) Importer(815301076,1909f56bfc062723c751e8b465ee728b)  -> (artifact id: '5f66e867d55de94049e308a59e7b40ba') in 0.033060 seconds
Number of updated asset objects reloaded before import = 0
Number of asset objects unloaded after import = 106
========================================================================
Received Import Request.
  Time since last request: 2.194568 seconds.
  path: Assets/Resources/UI/AddGroup/AddGroupView.prefab
  artifactKey: Guid(b553e16af9dbf734db591b483ce36b1c) Importer(815301076,1909f56bfc062723c751e8b465ee728b)
Start importing Assets/Resources/UI/AddGroup/AddGroupView.prefab using Guid(b553e16af9dbf734db591b483ce36b1c) Importer(815301076,1909f56bfc062723c751e8b465ee728b)  -> (artifact id: '0584172faae002992857ecf2a58780dc') in 0.024627 seconds
Number of updated asset objects reloaded before import = 0
Number of asset objects unloaded after import = 105
========================================================================
Received Import Request.
  Time since last request: 7.829008 seconds.
  path: Assets/Resources/UI/AddGroup/AddGroupView.prefab
  artifactKey: Guid(b553e16af9dbf734db591b483ce36b1c) Importer(815301076,1909f56bfc062723c751e8b465ee728b)
Start importing Assets/Resources/UI/AddGroup/AddGroupView.prefab using Guid(b553e16af9dbf734db591b483ce36b1c) Importer(815301076,1909f56bfc062723c751e8b465ee728b)  -> (artifact id: '73cf2e78a1ce17a682ddd7226fb08aa1') in 0.023838 seconds
Number of updated asset objects reloaded before import = 0
Number of asset objects unloaded after import = 105
========================================================================
Received Import Request.
  Time since last request: 0.170042 seconds.
  path: Assets/Resources/UI/AddGroup/AddGroupView.prefab
  artifactKey: Guid(b553e16af9dbf734db591b483ce36b1c) Importer(815301076,1909f56bfc062723c751e8b465ee728b)
Start importing Assets/Resources/UI/AddGroup/AddGroupView.prefab using Guid(b553e16af9dbf734db591b483ce36b1c) Importer(815301076,1909f56bfc062723c751e8b465ee728b)  -> (artifact id: 'a889a7029243d3bec646461144b0a52b') in 0.024579 seconds
Number of updated asset objects reloaded before import = 0
Number of asset objects unloaded after import = 105
========================================================================
Received Import Request.
  Time since last request: 0.175683 seconds.
  path: Assets/Resources/UI/AddGroup/AddGroupView.prefab
  artifactKey: Guid(b553e16af9dbf734db591b483ce36b1c) Importer(815301076,1909f56bfc062723c751e8b465ee728b)
Start importing Assets/Resources/UI/AddGroup/AddGroupView.prefab using Guid(b553e16af9dbf734db591b483ce36b1c) Importer(815301076,1909f56bfc062723c751e8b465ee728b)  -> (artifact id: 'cd40edb41455394271699ffd7ee13ddf') in 0.025367 seconds
Number of updated asset objects reloaded before import = 0
Number of asset objects unloaded after import = 105
========================================================================
Received Import Request.
  Time since last request: 1.395631 seconds.
  path: Assets/Resources/UI/AddGroup/AddGroupView.prefab
  artifactKey: Guid(b553e16af9dbf734db591b483ce36b1c) Importer(815301076,1909f56bfc062723c751e8b465ee728b)
Start importing Assets/Resources/UI/AddGroup/AddGroupView.prefab using Guid(b553e16af9dbf734db591b483ce36b1c) Importer(815301076,1909f56bfc062723c751e8b465ee728b)  -> (artifact id: '32d00f0c0e365c6d1b208ebd889a61fe') in 0.027298 seconds
Number of updated asset objects reloaded before import = 0
Number of asset objects unloaded after import = 105
========================================================================
Received Import Request.
  Time since last request: 0.369301 seconds.
  path: Assets/Resources/UI/AddGroup/AddGroupView.prefab
  artifactKey: Guid(b553e16af9dbf734db591b483ce36b1c) Importer(815301076,1909f56bfc062723c751e8b465ee728b)
Start importing Assets/Resources/UI/AddGroup/AddGroupView.prefab using Guid(b553e16af9dbf734db591b483ce36b1c) Importer(815301076,1909f56bfc062723c751e8b465ee728b)  -> (artifact id: '105c1fd62945368b9590d43afa27572a') in 0.027288 seconds
Number of updated asset objects reloaded before import = 0
Number of asset objects unloaded after import = 105
========================================================================
Received Import Request.
  Time since last request: 0.174409 seconds.
  path: Assets/Resources/UI/AddGroup/AddGroupView.prefab
  artifactKey: Guid(b553e16af9dbf734db591b483ce36b1c) Importer(815301076,1909f56bfc062723c751e8b465ee728b)
Start importing Assets/Resources/UI/AddGroup/AddGroupView.prefab using Guid(b553e16af9dbf734db591b483ce36b1c) Importer(815301076,1909f56bfc062723c751e8b465ee728b)  -> (artifact id: '8ffa0cf04b9e9188843205926e74db5d') in 0.022273 seconds
Number of updated asset objects reloaded before import = 0
Number of asset objects unloaded after import = 105
========================================================================
Received Import Request.
  Time since last request: 0.379270 seconds.
  path: Assets/Resources/UI/AddGroup/AddGroupView.prefab
  artifactKey: Guid(b553e16af9dbf734db591b483ce36b1c) Importer(815301076,1909f56bfc062723c751e8b465ee728b)
Start importing Assets/Resources/UI/AddGroup/AddGroupView.prefab using Guid(b553e16af9dbf734db591b483ce36b1c) Importer(815301076,1909f56bfc062723c751e8b465ee728b)  -> (artifact id: 'f4904e38fc240de67b1efe94718b223e') in 0.025156 seconds
Number of updated asset objects reloaded before import = 0
Number of asset objects unloaded after import = 105
========================================================================
Received Import Request.
  Time since last request: 0.177544 seconds.
  path: Assets/Resources/UI/AddGroup/AddGroupView.prefab
  artifactKey: Guid(b553e16af9dbf734db591b483ce36b1c) Importer(815301076,1909f56bfc062723c751e8b465ee728b)
Start importing Assets/Resources/UI/AddGroup/AddGroupView.prefab using Guid(b553e16af9dbf734db591b483ce36b1c) Importer(815301076,1909f56bfc062723c751e8b465ee728b)  -> (artifact id: '351eaaa6c0634100dcce30a033527d9b') in 0.025160 seconds
Number of updated asset objects reloaded before import = 0
Number of asset objects unloaded after import = 105
========================================================================
Received Import Request.
  Time since last request: 0.173187 seconds.
  path: Assets/Resources/UI/AddGroup/AddGroupView.prefab
  artifactKey: Guid(b553e16af9dbf734db591b483ce36b1c) Importer(815301076,1909f56bfc062723c751e8b465ee728b)
Start importing Assets/Resources/UI/AddGroup/AddGroupView.prefab using Guid(b553e16af9dbf734db591b483ce36b1c) Importer(815301076,1909f56bfc062723c751e8b465ee728b)  -> (artifact id: '2d58b811832da7d5ccab06e40909bdfc') in 0.025194 seconds
Number of updated asset objects reloaded before import = 0
Number of asset objects unloaded after import = 105
========================================================================
Received Import Request.
  Time since last request: 0.372706 seconds.
  path: Assets/Resources/UI/AddGroup/AddGroupView.prefab
  artifactKey: Guid(b553e16af9dbf734db591b483ce36b1c) Importer(815301076,1909f56bfc062723c751e8b465ee728b)
Start importing Assets/Resources/UI/AddGroup/AddGroupView.prefab using Guid(b553e16af9dbf734db591b483ce36b1c) Importer(815301076,1909f56bfc062723c751e8b465ee728b)  -> (artifact id: '9a0e1f56442662e99f463d99bf28fe4c') in 0.029039 seconds
Number of updated asset objects reloaded before import = 0
Number of asset objects unloaded after import = 105
========================================================================
Received Import Request.
  Time since last request: 0.376835 seconds.
  path: Assets/Resources/UI/AddGroup/AddGroupView.prefab
  artifactKey: Guid(b553e16af9dbf734db591b483ce36b1c) Importer(815301076,1909f56bfc062723c751e8b465ee728b)
Start importing Assets/Resources/UI/AddGroup/AddGroupView.prefab using Guid(b553e16af9dbf734db591b483ce36b1c) Importer(815301076,1909f56bfc062723c751e8b465ee728b)  -> (artifact id: '9836a2aed83cf6797ef47fb08fb762be') in 0.030277 seconds
Number of updated asset objects reloaded before import = 0
Number of asset objects unloaded after import = 105
========================================================================
Received Import Request.
  Time since last request: 0.172196 seconds.
  path: Assets/Resources/UI/AddGroup/AddGroupView.prefab
  artifactKey: Guid(b553e16af9dbf734db591b483ce36b1c) Importer(815301076,1909f56bfc062723c751e8b465ee728b)
Start importing Assets/Resources/UI/AddGroup/AddGroupView.prefab using Guid(b553e16af9dbf734db591b483ce36b1c) Importer(815301076,1909f56bfc062723c751e8b465ee728b)  -> (artifact id: '2e7698d0c9a2771c95fcd58fd699726a') in 0.024104 seconds
Number of updated asset objects reloaded before import = 0
Number of asset objects unloaded after import = 105
========================================================================
Received Import Request.
  Time since last request: 0.378714 seconds.
  path: Assets/Resources/UI/AddGroup/AddGroupView.prefab
  artifactKey: Guid(b553e16af9dbf734db591b483ce36b1c) Importer(815301076,1909f56bfc062723c751e8b465ee728b)
Start importing Assets/Resources/UI/AddGroup/AddGroupView.prefab using Guid(b553e16af9dbf734db591b483ce36b1c) Importer(815301076,1909f56bfc062723c751e8b465ee728b)  -> (artifact id: '6473eec7c0f15d95f2a608c18b7f1b49') in 0.023103 seconds
Number of updated asset objects reloaded before import = 0
Number of asset objects unloaded after import = 105
========================================================================
Received Import Request.
  Time since last request: 0.179646 seconds.
  path: Assets/Resources/UI/AddGroup/AddGroupView.prefab
  artifactKey: Guid(b553e16af9dbf734db591b483ce36b1c) Importer(815301076,1909f56bfc062723c751e8b465ee728b)
Start importing Assets/Resources/UI/AddGroup/AddGroupView.prefab using Guid(b553e16af9dbf734db591b483ce36b1c) Importer(815301076,1909f56bfc062723c751e8b465ee728b)  -> (artifact id: '4e07a56f70dd2d8a50572a40bfd652ec') in 0.024199 seconds
Number of updated asset objects reloaded before import = 0
Number of asset objects unloaded after import = 105
========================================================================
Received Import Request.
  Time since last request: 0.191277 seconds.
  path: Assets/Resources/UI/AddGroup/AddGroupView.prefab
  artifactKey: Guid(b553e16af9dbf734db591b483ce36b1c) Importer(815301076,1909f56bfc062723c751e8b465ee728b)
Start importing Assets/Resources/UI/AddGroup/AddGroupView.prefab using Guid(b553e16af9dbf734db591b483ce36b1c) Importer(815301076,1909f56bfc062723c751e8b465ee728b)  -> (artifact id: '9253a3d34c247a8356786c3c804411af') in 0.022228 seconds
Number of updated asset objects reloaded before import = 0
Number of asset objects unloaded after import = 105
========================================================================
Received Import Request.
  Time since last request: 0.170961 seconds.
  path: Assets/Resources/UI/AddGroup/AddGroupView.prefab
  artifactKey: Guid(b553e16af9dbf734db591b483ce36b1c) Importer(815301076,1909f56bfc062723c751e8b465ee728b)
Start importing Assets/Resources/UI/AddGroup/AddGroupView.prefab using Guid(b553e16af9dbf734db591b483ce36b1c) Importer(815301076,1909f56bfc062723c751e8b465ee728b)  -> (artifact id: '5b424ee3832ad23adfc18a8144bda7ce') in 0.024049 seconds
Number of updated asset objects reloaded before import = 0
Number of asset objects unloaded after import = 105
========================================================================
Received Import Request.
  Time since last request: 0.181164 seconds.
  path: Assets/Resources/UI/AddGroup/AddGroupView.prefab
  artifactKey: Guid(b553e16af9dbf734db591b483ce36b1c) Importer(815301076,1909f56bfc062723c751e8b465ee728b)
Start importing Assets/Resources/UI/AddGroup/AddGroupView.prefab using Guid(b553e16af9dbf734db591b483ce36b1c) Importer(815301076,1909f56bfc062723c751e8b465ee728b)  -> (artifact id: '8d16e4ba432787efe43312829d7365b1') in 0.025496 seconds
Number of updated asset objects reloaded before import = 0
Number of asset objects unloaded after import = 105
========================================================================
Received Import Request.
  Time since last request: 0.174153 seconds.
  path: Assets/Resources/UI/AddGroup/AddGroupView.prefab
  artifactKey: Guid(b553e16af9dbf734db591b483ce36b1c) Importer(815301076,1909f56bfc062723c751e8b465ee728b)
Start importing Assets/Resources/UI/AddGroup/AddGroupView.prefab using Guid(b553e16af9dbf734db591b483ce36b1c) Importer(815301076,1909f56bfc062723c751e8b465ee728b)  -> (artifact id: '40a96f19f64c41d05e2d876c25ae2a90') in 0.023325 seconds
Number of updated asset objects reloaded before import = 0
Number of asset objects unloaded after import = 105
========================================================================
Received Import Request.
  Time since last request: 0.175641 seconds.
  path: Assets/Resources/UI/AddGroup/AddGroupView.prefab
  artifactKey: Guid(b553e16af9dbf734db591b483ce36b1c) Importer(815301076,1909f56bfc062723c751e8b465ee728b)
Start importing Assets/Resources/UI/AddGroup/AddGroupView.prefab using Guid(b553e16af9dbf734db591b483ce36b1c) Importer(815301076,1909f56bfc062723c751e8b465ee728b)  -> (artifact id: '36a41f9c7875c7c6066940c52dcc22ad') in 0.025925 seconds
Number of updated asset objects reloaded before import = 0
Number of asset objects unloaded after import = 105
========================================================================
Received Import Request.
  Time since last request: 0.173300 seconds.
  path: Assets/Resources/UI/AddGroup/AddGroupView.prefab
  artifactKey: Guid(b553e16af9dbf734db591b483ce36b1c) Importer(815301076,1909f56bfc062723c751e8b465ee728b)
Start importing Assets/Resources/UI/AddGroup/AddGroupView.prefab using Guid(b553e16af9dbf734db591b483ce36b1c) Importer(815301076,1909f56bfc062723c751e8b465ee728b)  -> (artifact id: '80626bb5b38795ad3433ab18dbd3d24c') in 0.024757 seconds
Number of updated asset objects reloaded before import = 0
Number of asset objects unloaded after import = 105
========================================================================
Received Import Request.
  Time since last request: 0.190395 seconds.
  path: Assets/Resources/UI/AddGroup/AddGroupView.prefab
  artifactKey: Guid(b553e16af9dbf734db591b483ce36b1c) Importer(815301076,1909f56bfc062723c751e8b465ee728b)
Start importing Assets/Resources/UI/AddGroup/AddGroupView.prefab using Guid(b553e16af9dbf734db591b483ce36b1c) Importer(815301076,1909f56bfc062723c751e8b465ee728b)  -> (artifact id: '2d22a816bac8fabe5cb8bddbc34435f0') in 0.024743 seconds
Number of updated asset objects reloaded before import = 0
Number of asset objects unloaded after import = 105
========================================================================
Received Import Request.
  Time since last request: 0.177742 seconds.
  path: Assets/Resources/UI/AddGroup/AddGroupView.prefab
  artifactKey: Guid(b553e16af9dbf734db591b483ce36b1c) Importer(815301076,1909f56bfc062723c751e8b465ee728b)
Start importing Assets/Resources/UI/AddGroup/AddGroupView.prefab using Guid(b553e16af9dbf734db591b483ce36b1c) Importer(815301076,1909f56bfc062723c751e8b465ee728b)  -> (artifact id: '3ddfd5acdcf2c01a980b7a0bc8330d6d') in 0.023832 seconds
Number of updated asset objects reloaded before import = 0
Number of asset objects unloaded after import = 105
========================================================================
Received Import Request.
  Time since last request: 0.180189 seconds.
  path: Assets/Resources/UI/AddGroup/AddGroupView.prefab
  artifactKey: Guid(b553e16af9dbf734db591b483ce36b1c) Importer(815301076,1909f56bfc062723c751e8b465ee728b)
Start importing Assets/Resources/UI/AddGroup/AddGroupView.prefab using Guid(b553e16af9dbf734db591b483ce36b1c) Importer(815301076,1909f56bfc062723c751e8b465ee728b)  -> (artifact id: '4aaae6c3128cad3565ed52ce879e18f6') in 0.021747 seconds
Number of updated asset objects reloaded before import = 0
Number of asset objects unloaded after import = 105
========================================================================
Received Import Request.
  Time since last request: 0.190866 seconds.
  path: Assets/Resources/UI/AddGroup/AddGroupView.prefab
  artifactKey: Guid(b553e16af9dbf734db591b483ce36b1c) Importer(815301076,1909f56bfc062723c751e8b465ee728b)
Start importing Assets/Resources/UI/AddGroup/AddGroupView.prefab using Guid(b553e16af9dbf734db591b483ce36b1c) Importer(815301076,1909f56bfc062723c751e8b465ee728b)  -> (artifact id: '5225ea851f930ada1749976ca0ffc6b6') in 0.023965 seconds
Number of updated asset objects reloaded before import = 0
Number of asset objects unloaded after import = 105
========================================================================
Received Import Request.
  Time since last request: 0.174464 seconds.
  path: Assets/Resources/UI/AddGroup/AddGroupView.prefab
  artifactKey: Guid(b553e16af9dbf734db591b483ce36b1c) Importer(815301076,1909f56bfc062723c751e8b465ee728b)
Start importing Assets/Resources/UI/AddGroup/AddGroupView.prefab using Guid(b553e16af9dbf734db591b483ce36b1c) Importer(815301076,1909f56bfc062723c751e8b465ee728b)  -> (artifact id: '1bfa98b42dd1fb46035ba4acf06841df') in 0.022438 seconds
Number of updated asset objects reloaded before import = 0
Number of asset objects unloaded after import = 105
========================================================================
Received Import Request.
  Time since last request: 0.179337 seconds.
  path: Assets/Resources/UI/AddGroup/AddGroupView.prefab
  artifactKey: Guid(b553e16af9dbf734db591b483ce36b1c) Importer(815301076,1909f56bfc062723c751e8b465ee728b)
Start importing Assets/Resources/UI/AddGroup/AddGroupView.prefab using Guid(b553e16af9dbf734db591b483ce36b1c) Importer(815301076,1909f56bfc062723c751e8b465ee728b)  -> (artifact id: '031435034c742288be0d221fadbbf87b') in 0.025442 seconds
Number of updated asset objects reloaded before import = 0
Number of asset objects unloaded after import = 105
========================================================================
Received Import Request.
  Time since last request: 0.177933 seconds.
  path: Assets/Resources/UI/AddGroup/AddGroupView.prefab
  artifactKey: Guid(b553e16af9dbf734db591b483ce36b1c) Importer(815301076,1909f56bfc062723c751e8b465ee728b)
Start importing Assets/Resources/UI/AddGroup/AddGroupView.prefab using Guid(b553e16af9dbf734db591b483ce36b1c) Importer(815301076,1909f56bfc062723c751e8b465ee728b)  -> (artifact id: 'aed8567e0cb09f42961447a655f3d89c') in 0.024410 seconds
Number of updated asset objects reloaded before import = 0
Number of asset objects unloaded after import = 105
========================================================================
Received Import Request.
  Time since last request: 0.180305 seconds.
  path: Assets/Resources/UI/AddGroup/AddGroupView.prefab
  artifactKey: Guid(b553e16af9dbf734db591b483ce36b1c) Importer(815301076,1909f56bfc062723c751e8b465ee728b)
Start importing Assets/Resources/UI/AddGroup/AddGroupView.prefab using Guid(b553e16af9dbf734db591b483ce36b1c) Importer(815301076,1909f56bfc062723c751e8b465ee728b)  -> (artifact id: '1eb8070cd0c1246eda5a85c81c8dbab0') in 0.026795 seconds
Number of updated asset objects reloaded before import = 0
Number of asset objects unloaded after import = 105
========================================================================
Received Import Request.
  Time since last request: 0.184286 seconds.
  path: Assets/Resources/UI/AddGroup/AddGroupView.prefab
  artifactKey: Guid(b553e16af9dbf734db591b483ce36b1c) Importer(815301076,1909f56bfc062723c751e8b465ee728b)
Start importing Assets/Resources/UI/AddGroup/AddGroupView.prefab using Guid(b553e16af9dbf734db591b483ce36b1c) Importer(815301076,1909f56bfc062723c751e8b465ee728b)  -> (artifact id: '8d1afac550a2c9834993908e60defeb7') in 0.025391 seconds
Number of updated asset objects reloaded before import = 0
Number of asset objects unloaded after import = 105
========================================================================
Received Import Request.
  Time since last request: 0.175345 seconds.
  path: Assets/Resources/UI/AddGroup/AddGroupView.prefab
  artifactKey: Guid(b553e16af9dbf734db591b483ce36b1c) Importer(815301076,1909f56bfc062723c751e8b465ee728b)
Start importing Assets/Resources/UI/AddGroup/AddGroupView.prefab using Guid(b553e16af9dbf734db591b483ce36b1c) Importer(815301076,1909f56bfc062723c751e8b465ee728b)  -> (artifact id: 'b6228867edb6307f3681220cb6e36ea0') in 0.023879 seconds
Number of updated asset objects reloaded before import = 0
Number of asset objects unloaded after import = 105
========================================================================
Received Import Request.
  Time since last request: 0.176433 seconds.
  path: Assets/Resources/UI/AddGroup/AddGroupView.prefab
  artifactKey: Guid(b553e16af9dbf734db591b483ce36b1c) Importer(815301076,1909f56bfc062723c751e8b465ee728b)
Start importing Assets/Resources/UI/AddGroup/AddGroupView.prefab using Guid(b553e16af9dbf734db591b483ce36b1c) Importer(815301076,1909f56bfc062723c751e8b465ee728b)  -> (artifact id: '90c4afdc2e16fa787a973e7277048454') in 0.026609 seconds
Number of updated asset objects reloaded before import = 0
Number of asset objects unloaded after import = 105
========================================================================
Received Import Request.
  Time since last request: 0.190261 seconds.
  path: Assets/Resources/UI/AddGroup/AddGroupView.prefab
  artifactKey: Guid(b553e16af9dbf734db591b483ce36b1c) Importer(815301076,1909f56bfc062723c751e8b465ee728b)
Start importing Assets/Resources/UI/AddGroup/AddGroupView.prefab using Guid(b553e16af9dbf734db591b483ce36b1c) Importer(815301076,1909f56bfc062723c751e8b465ee728b)  -> (artifact id: '4f2e2638d0f91f869392df82be245aab') in 0.025268 seconds
Number of updated asset objects reloaded before import = 0
Number of asset objects unloaded after import = 105
========================================================================
Received Import Request.
  Time since last request: 0.175847 seconds.
  path: Assets/Resources/UI/AddGroup/AddGroupView.prefab
  artifactKey: Guid(b553e16af9dbf734db591b483ce36b1c) Importer(815301076,1909f56bfc062723c751e8b465ee728b)
Start importing Assets/Resources/UI/AddGroup/AddGroupView.prefab using Guid(b553e16af9dbf734db591b483ce36b1c) Importer(815301076,1909f56bfc062723c751e8b465ee728b)  -> (artifact id: '04c7c8ceb693cc3e9103dd0eb8fa8402') in 0.024823 seconds
Number of updated asset objects reloaded before import = 0
Number of asset objects unloaded after import = 105
========================================================================
Received Import Request.
  Time since last request: 0.179022 seconds.
  path: Assets/Resources/UI/AddGroup/AddGroupView.prefab
  artifactKey: Guid(b553e16af9dbf734db591b483ce36b1c) Importer(815301076,1909f56bfc062723c751e8b465ee728b)
Start importing Assets/Resources/UI/AddGroup/AddGroupView.prefab using Guid(b553e16af9dbf734db591b483ce36b1c) Importer(815301076,1909f56bfc062723c751e8b465ee728b)  -> (artifact id: 'a20789f11ccc4a641a31f3afac93fbea') in 0.026933 seconds
Number of updated asset objects reloaded before import = 0
Number of asset objects unloaded after import = 105
========================================================================
Received Import Request.
  Time since last request: 11.272481 seconds.
  path: Assets/Resources/UI/AddGroup/AddGroupView.prefab
  artifactKey: Guid(b553e16af9dbf734db591b483ce36b1c) Importer(815301076,1909f56bfc062723c751e8b465ee728b)
Start importing Assets/Resources/UI/AddGroup/AddGroupView.prefab using Guid(b553e16af9dbf734db591b483ce36b1c) Importer(815301076,1909f56bfc062723c751e8b465ee728b)  -> (artifact id: '9efed62349f9683eb86424684459634e') in 0.026718 seconds
Number of updated asset objects reloaded before import = 0
Number of asset objects unloaded after import = 108
========================================================================
Received Import Request.
  Time since last request: 5.138823 seconds.
  path: Assets/Resources/UI/AddGroup/AddGroupView.prefab
  artifactKey: Guid(b553e16af9dbf734db591b483ce36b1c) Importer(815301076,1909f56bfc062723c751e8b465ee728b)
Start importing Assets/Resources/UI/AddGroup/AddGroupView.prefab using Guid(b553e16af9dbf734db591b483ce36b1c) Importer(815301076,1909f56bfc062723c751e8b465ee728b)  -> (artifact id: '89768884df221037681e774bd3ab3bd7') in 0.026089 seconds
Number of updated asset objects reloaded before import = 0
Number of asset objects unloaded after import = 106
========================================================================
Received Import Request.
  Time since last request: 3.191963 seconds.
  path: Assets/Resources/UI/AddGroup/AddGroupView.prefab
  artifactKey: Guid(b553e16af9dbf734db591b483ce36b1c) Importer(815301076,1909f56bfc062723c751e8b465ee728b)
Start importing Assets/Resources/UI/AddGroup/AddGroupView.prefab using Guid(b553e16af9dbf734db591b483ce36b1c) Importer(815301076,1909f56bfc062723c751e8b465ee728b)  -> (artifact id: 'e35ef1e33f198d83989334dd8f4ac7d2') in 0.027515 seconds
Number of updated asset objects reloaded before import = 0
Number of asset objects unloaded after import = 106
========================================================================
Received Import Request.
  Time since last request: 0.575759 seconds.
  path: Assets/Resources/UI/AddGroup/AddGroupView.prefab
  artifactKey: Guid(b553e16af9dbf734db591b483ce36b1c) Importer(815301076,1909f56bfc062723c751e8b465ee728b)
Start importing Assets/Resources/UI/AddGroup/AddGroupView.prefab using Guid(b553e16af9dbf734db591b483ce36b1c) Importer(815301076,1909f56bfc062723c751e8b465ee728b)  -> (artifact id: 'a562f639126d88b1d85f48e111df8360') in 0.023604 seconds
Number of updated asset objects reloaded before import = 0
Number of asset objects unloaded after import = 106
========================================================================
Received Import Request.
  Time since last request: 0.170297 seconds.
  path: Assets/Resources/UI/AddGroup/AddGroupView.prefab
  artifactKey: Guid(b553e16af9dbf734db591b483ce36b1c) Importer(815301076,1909f56bfc062723c751e8b465ee728b)
Start importing Assets/Resources/UI/AddGroup/AddGroupView.prefab using Guid(b553e16af9dbf734db591b483ce36b1c) Importer(815301076,1909f56bfc062723c751e8b465ee728b)  -> (artifact id: '852ecab4a48682249525e83868f14755') in 0.024412 seconds
Number of updated asset objects reloaded before import = 0
Number of asset objects unloaded after import = 106
========================================================================
Received Import Request.
  Time since last request: 0.180822 seconds.
  path: Assets/Resources/UI/AddGroup/AddGroupView.prefab
  artifactKey: Guid(b553e16af9dbf734db591b483ce36b1c) Importer(815301076,1909f56bfc062723c751e8b465ee728b)
Start importing Assets/Resources/UI/AddGroup/AddGroupView.prefab using Guid(b553e16af9dbf734db591b483ce36b1c) Importer(815301076,1909f56bfc062723c751e8b465ee728b)  -> (artifact id: '66a05971b407d18cc2c5d4340e58a890') in 0.024627 seconds
Number of updated asset objects reloaded before import = 0
Number of asset objects unloaded after import = 106
========================================================================
Received Import Request.
  Time since last request: 0.174189 seconds.
  path: Assets/Resources/UI/AddGroup/AddGroupView.prefab
  artifactKey: Guid(b553e16af9dbf734db591b483ce36b1c) Importer(815301076,1909f56bfc062723c751e8b465ee728b)
Start importing Assets/Resources/UI/AddGroup/AddGroupView.prefab using Guid(b553e16af9dbf734db591b483ce36b1c) Importer(815301076,1909f56bfc062723c751e8b465ee728b)  -> (artifact id: 'e16bbb0ad0e37bd5994bf3e4f5c4b9f9') in 0.025139 seconds
Number of updated asset objects reloaded before import = 0
Number of asset objects unloaded after import = 106
========================================================================
Received Import Request.
  Time since last request: 0.175650 seconds.
  path: Assets/Resources/UI/AddGroup/AddGroupView.prefab
  artifactKey: Guid(b553e16af9dbf734db591b483ce36b1c) Importer(815301076,1909f56bfc062723c751e8b465ee728b)
Start importing Assets/Resources/UI/AddGroup/AddGroupView.prefab using Guid(b553e16af9dbf734db591b483ce36b1c) Importer(815301076,1909f56bfc062723c751e8b465ee728b)  -> (artifact id: '2c05b55978f99638fa56f4b111e1e377') in 0.028068 seconds
Number of updated asset objects reloaded before import = 0
Number of asset objects unloaded after import = 106
========================================================================
Received Import Request.
  Time since last request: 0.177018 seconds.
  path: Assets/Resources/UI/AddGroup/AddGroupView.prefab
  artifactKey: Guid(b553e16af9dbf734db591b483ce36b1c) Importer(815301076,1909f56bfc062723c751e8b465ee728b)
Start importing Assets/Resources/UI/AddGroup/AddGroupView.prefab using Guid(b553e16af9dbf734db591b483ce36b1c) Importer(815301076,1909f56bfc062723c751e8b465ee728b)  -> (artifact id: 'c67b114ada2068de0cdcf5de807b93f7') in 0.024162 seconds
Number of updated asset objects reloaded before import = 0
Number of asset objects unloaded after import = 106
========================================================================
Received Import Request.
  Time since last request: 7.258156 seconds.
  path: Assets/Resources/UI/AddGroup/AddGroupView.prefab
  artifactKey: Guid(b553e16af9dbf734db591b483ce36b1c) Importer(815301076,1909f56bfc062723c751e8b465ee728b)
Start importing Assets/Resources/UI/AddGroup/AddGroupView.prefab using Guid(b553e16af9dbf734db591b483ce36b1c) Importer(815301076,1909f56bfc062723c751e8b465ee728b)  -> (artifact id: '81dfacf1379852af2ef33ba3798797a7') in 0.026050 seconds
Number of updated asset objects reloaded before import = 0
Number of asset objects unloaded after import = 109
========================================================================
Received Import Request.
  Time since last request: 2.160902 seconds.
  path: Assets/Resources/UI/AddGroup/AddGroupView.prefab
  artifactKey: Guid(b553e16af9dbf734db591b483ce36b1c) Importer(815301076,1909f56bfc062723c751e8b465ee728b)
Start importing Assets/Resources/UI/AddGroup/AddGroupView.prefab using Guid(b553e16af9dbf734db591b483ce36b1c) Importer(815301076,1909f56bfc062723c751e8b465ee728b)  -> (artifact id: 'a6c72d1a5c08562e0d443279fb9e3afe') in 0.026647 seconds
Number of updated asset objects reloaded before import = 0
Number of asset objects unloaded after import = 107
========================================================================
Received Import Request.
  Time since last request: 2.396814 seconds.
  path: Assets/Resources/UI/AddGroup/AddGroupView.prefab
  artifactKey: Guid(b553e16af9dbf734db591b483ce36b1c) Importer(815301076,1909f56bfc062723c751e8b465ee728b)
Start importing Assets/Resources/UI/AddGroup/AddGroupView.prefab using Guid(b553e16af9dbf734db591b483ce36b1c) Importer(815301076,1909f56bfc062723c751e8b465ee728b)  -> (artifact id: '527c070c05ed07d4d69fb266851f773c') in 0.023835 seconds
Number of updated asset objects reloaded before import = 0
Number of asset objects unloaded after import = 107
========================================================================
Received Import Request.
  Time since last request: 0.779521 seconds.
  path: Assets/Resources/UI/AddGroup/AddGroupView.prefab
  artifactKey: Guid(b553e16af9dbf734db591b483ce36b1c) Importer(815301076,1909f56bfc062723c751e8b465ee728b)
Start importing Assets/Resources/UI/AddGroup/AddGroupView.prefab using Guid(b553e16af9dbf734db591b483ce36b1c) Importer(815301076,1909f56bfc062723c751e8b465ee728b)  -> (artifact id: '73a04a5695215327c30e2103969ac718') in 0.023697 seconds
Number of updated asset objects reloaded before import = 0
Number of asset objects unloaded after import = 107
========================================================================
Received Import Request.
  Time since last request: 0.175540 seconds.
  path: Assets/Resources/UI/AddGroup/AddGroupView.prefab
  artifactKey: Guid(b553e16af9dbf734db591b483ce36b1c) Importer(815301076,1909f56bfc062723c751e8b465ee728b)
Start importing Assets/Resources/UI/AddGroup/AddGroupView.prefab using Guid(b553e16af9dbf734db591b483ce36b1c) Importer(815301076,1909f56bfc062723c751e8b465ee728b)  -> (artifact id: '5c0e83fb96c027893f96ba1b0ea44156') in 0.023271 seconds
Number of updated asset objects reloaded before import = 0
Number of asset objects unloaded after import = 107
========================================================================
Received Import Request.
  Time since last request: 0.182309 seconds.
  path: Assets/Resources/UI/AddGroup/AddGroupView.prefab
  artifactKey: Guid(b553e16af9dbf734db591b483ce36b1c) Importer(815301076,1909f56bfc062723c751e8b465ee728b)
Start importing Assets/Resources/UI/AddGroup/AddGroupView.prefab using Guid(b553e16af9dbf734db591b483ce36b1c) Importer(815301076,1909f56bfc062723c751e8b465ee728b)  -> (artifact id: 'b53584a6e544e3a39be1349754d26e3a') in 0.023645 seconds
Number of updated asset objects reloaded before import = 0
Number of asset objects unloaded after import = 107
========================================================================
Received Import Request.
  Time since last request: 0.179092 seconds.
  path: Assets/Resources/UI/AddGroup/AddGroupView.prefab
  artifactKey: Guid(b553e16af9dbf734db591b483ce36b1c) Importer(815301076,1909f56bfc062723c751e8b465ee728b)
Start importing Assets/Resources/UI/AddGroup/AddGroupView.prefab using Guid(b553e16af9dbf734db591b483ce36b1c) Importer(815301076,1909f56bfc062723c751e8b465ee728b)  -> (artifact id: '7fa9c3e202620aa3107793cd5beb6968') in 0.027034 seconds
Number of updated asset objects reloaded before import = 0
Number of asset objects unloaded after import = 107
========================================================================
Received Import Request.
  Time since last request: 0.388701 seconds.
  path: Assets/Resources/UI/AddGroup/AddGroupView.prefab
  artifactKey: Guid(b553e16af9dbf734db591b483ce36b1c) Importer(815301076,1909f56bfc062723c751e8b465ee728b)
Start importing Assets/Resources/UI/AddGroup/AddGroupView.prefab using Guid(b553e16af9dbf734db591b483ce36b1c) Importer(815301076,1909f56bfc062723c751e8b465ee728b)  -> (artifact id: '548dc8079e6f83a012d313bbd845c22b') in 0.026961 seconds
Number of updated asset objects reloaded before import = 0
Number of asset objects unloaded after import = 107
========================================================================
Received Import Request.
  Time since last request: 0.158765 seconds.
  path: Assets/Resources/UI/AddGroup/AddGroupView.prefab
  artifactKey: Guid(b553e16af9dbf734db591b483ce36b1c) Importer(815301076,1909f56bfc062723c751e8b465ee728b)
Start importing Assets/Resources/UI/AddGroup/AddGroupView.prefab using Guid(b553e16af9dbf734db591b483ce36b1c) Importer(815301076,1909f56bfc062723c751e8b465ee728b)  -> (artifact id: 'dd7e6c5337d8faa3fec25e3a8ce09e69') in 0.025537 seconds
Number of updated asset objects reloaded before import = 0
Number of asset objects unloaded after import = 107
========================================================================
Received Import Request.
  Time since last request: 0.378151 seconds.
  path: Assets/Resources/UI/AddGroup/AddGroupView.prefab
  artifactKey: Guid(b553e16af9dbf734db591b483ce36b1c) Importer(815301076,1909f56bfc062723c751e8b465ee728b)
Start importing Assets/Resources/UI/AddGroup/AddGroupView.prefab using Guid(b553e16af9dbf734db591b483ce36b1c) Importer(815301076,1909f56bfc062723c751e8b465ee728b)  -> (artifact id: '7bf20d5830058611d6e2f0750e13d33b') in 0.026136 seconds
Number of updated asset objects reloaded before import = 0
Number of asset objects unloaded after import = 107
========================================================================
Received Import Request.
  Time since last request: 0.189247 seconds.
  path: Assets/Resources/UI/AddGroup/AddGroupView.prefab
  artifactKey: Guid(b553e16af9dbf734db591b483ce36b1c) Importer(815301076,1909f56bfc062723c751e8b465ee728b)
Start importing Assets/Resources/UI/AddGroup/AddGroupView.prefab using Guid(b553e16af9dbf734db591b483ce36b1c) Importer(815301076,1909f56bfc062723c751e8b465ee728b)  -> (artifact id: 'daaa85138c6998ecb74d1a6384e4ff2b') in 0.024734 seconds
Number of updated asset objects reloaded before import = 0
Number of asset objects unloaded after import = 107
========================================================================
Received Import Request.
  Time since last request: 0.176889 seconds.
  path: Assets/Resources/UI/AddGroup/AddGroupView.prefab
  artifactKey: Guid(b553e16af9dbf734db591b483ce36b1c) Importer(815301076,1909f56bfc062723c751e8b465ee728b)
Start importing Assets/Resources/UI/AddGroup/AddGroupView.prefab using Guid(b553e16af9dbf734db591b483ce36b1c) Importer(815301076,1909f56bfc062723c751e8b465ee728b)  -> (artifact id: '9fa2415c0b8c2a2587498af946fa11f2') in 0.025267 seconds
Number of updated asset objects reloaded before import = 0
Number of asset objects unloaded after import = 107
========================================================================
Received Import Request.
  Time since last request: 0.174486 seconds.
  path: Assets/Resources/UI/AddGroup/AddGroupView.prefab
  artifactKey: Guid(b553e16af9dbf734db591b483ce36b1c) Importer(815301076,1909f56bfc062723c751e8b465ee728b)
Start importing Assets/Resources/UI/AddGroup/AddGroupView.prefab using Guid(b553e16af9dbf734db591b483ce36b1c) Importer(815301076,1909f56bfc062723c751e8b465ee728b)  -> (artifact id: '883b34f7c4ee48f9fbdea07a0f3d2508') in 0.024143 seconds
Number of updated asset objects reloaded before import = 0
Number of asset objects unloaded after import = 107
========================================================================
Received Import Request.
  Time since last request: 0.182720 seconds.
  path: Assets/Resources/UI/AddGroup/AddGroupView.prefab
  artifactKey: Guid(b553e16af9dbf734db591b483ce36b1c) Importer(815301076,1909f56bfc062723c751e8b465ee728b)
Start importing Assets/Resources/UI/AddGroup/AddGroupView.prefab using Guid(b553e16af9dbf734db591b483ce36b1c) Importer(815301076,1909f56bfc062723c751e8b465ee728b)  -> (artifact id: '4b939460a9f1759adcffe076f02f230d') in 0.021993 seconds
Number of updated asset objects reloaded before import = 0
Number of asset objects unloaded after import = 107
========================================================================
Received Import Request.
  Time since last request: 0.580132 seconds.
  path: Assets/Resources/UI/AddGroup/AddGroupView.prefab
  artifactKey: Guid(b553e16af9dbf734db591b483ce36b1c) Importer(815301076,1909f56bfc062723c751e8b465ee728b)
Start importing Assets/Resources/UI/AddGroup/AddGroupView.prefab using Guid(b553e16af9dbf734db591b483ce36b1c) Importer(815301076,1909f56bfc062723c751e8b465ee728b)  -> (artifact id: 'ebe5bae869fe568af3050b5b7337d840') in 0.022555 seconds
Number of updated asset objects reloaded before import = 0
Number of asset objects unloaded after import = 107
========================================================================
Received Import Request.
  Time since last request: 0.180842 seconds.
  path: Assets/Resources/UI/AddGroup/AddGroupView.prefab
  artifactKey: Guid(b553e16af9dbf734db591b483ce36b1c) Importer(815301076,1909f56bfc062723c751e8b465ee728b)
Start importing Assets/Resources/UI/AddGroup/AddGroupView.prefab using Guid(b553e16af9dbf734db591b483ce36b1c) Importer(815301076,1909f56bfc062723c751e8b465ee728b)  -> (artifact id: '2acbfb0edcd1e2a0bafe326a86a574df') in 0.027845 seconds
Number of updated asset objects reloaded before import = 0
Number of asset objects unloaded after import = 107
========================================================================
Received Import Request.
  Time since last request: 0.185799 seconds.
  path: Assets/Resources/UI/AddGroup/AddGroupView.prefab
  artifactKey: Guid(b553e16af9dbf734db591b483ce36b1c) Importer(815301076,1909f56bfc062723c751e8b465ee728b)
Start importing Assets/Resources/UI/AddGroup/AddGroupView.prefab using Guid(b553e16af9dbf734db591b483ce36b1c) Importer(815301076,1909f56bfc062723c751e8b465ee728b)  -> (artifact id: '64ed51ad82641717d9d7cebcae50f52e') in 0.023138 seconds
Number of updated asset objects reloaded before import = 0
Number of asset objects unloaded after import = 107
========================================================================
Received Import Request.
  Time since last request: 0.175231 seconds.
  path: Assets/Resources/UI/AddGroup/AddGroupView.prefab
  artifactKey: Guid(b553e16af9dbf734db591b483ce36b1c) Importer(815301076,1909f56bfc062723c751e8b465ee728b)
Start importing Assets/Resources/UI/AddGroup/AddGroupView.prefab using Guid(b553e16af9dbf734db591b483ce36b1c) Importer(815301076,1909f56bfc062723c751e8b465ee728b)  -> (artifact id: '450f223a943ac4abe7e0b17e454e34c6') in 0.023366 seconds
Number of updated asset objects reloaded before import = 0
Number of asset objects unloaded after import = 107
========================================================================
Received Import Request.
  Time since last request: 0.180581 seconds.
  path: Assets/Resources/UI/AddGroup/AddGroupView.prefab
  artifactKey: Guid(b553e16af9dbf734db591b483ce36b1c) Importer(815301076,1909f56bfc062723c751e8b465ee728b)
Start importing Assets/Resources/UI/AddGroup/AddGroupView.prefab using Guid(b553e16af9dbf734db591b483ce36b1c) Importer(815301076,1909f56bfc062723c751e8b465ee728b)  -> (artifact id: '4cbeb86622a9ef07b8bbadb3d00b7b7f') in 0.025261 seconds
Number of updated asset objects reloaded before import = 0
Number of asset objects unloaded after import = 107
========================================================================
Received Import Request.
  Time since last request: 0.787292 seconds.
  path: Assets/Resources/UI/AddGroup/AddGroupView.prefab
  artifactKey: Guid(b553e16af9dbf734db591b483ce36b1c) Importer(815301076,1909f56bfc062723c751e8b465ee728b)
Start importing Assets/Resources/UI/AddGroup/AddGroupView.prefab using Guid(b553e16af9dbf734db591b483ce36b1c) Importer(815301076,1909f56bfc062723c751e8b465ee728b)  -> (artifact id: 'f0832088a74e461369d9ca35db0c31e6') in 0.024534 seconds
Number of updated asset objects reloaded before import = 0
Number of asset objects unloaded after import = 107
========================================================================
Received Import Request.
  Time since last request: 0.578989 seconds.
  path: Assets/Resources/UI/AddGroup/AddGroupView.prefab
  artifactKey: Guid(b553e16af9dbf734db591b483ce36b1c) Importer(815301076,1909f56bfc062723c751e8b465ee728b)
Start importing Assets/Resources/UI/AddGroup/AddGroupView.prefab using Guid(b553e16af9dbf734db591b483ce36b1c) Importer(815301076,1909f56bfc062723c751e8b465ee728b)  -> (artifact id: 'b6dca105e75177896e18bbc304979ede') in 0.027977 seconds
Number of updated asset objects reloaded before import = 0
Number of asset objects unloaded after import = 107
========================================================================
Received Import Request.
  Time since last request: 0.202440 seconds.
  path: Assets/Resources/UI/AddGroup/AddGroupView.prefab
  artifactKey: Guid(b553e16af9dbf734db591b483ce36b1c) Importer(815301076,1909f56bfc062723c751e8b465ee728b)
Start importing Assets/Resources/UI/AddGroup/AddGroupView.prefab using Guid(b553e16af9dbf734db591b483ce36b1c) Importer(815301076,1909f56bfc062723c751e8b465ee728b)  -> (artifact id: 'cc00329f6ac809e1785ed820b0adc1c3') in 0.024831 seconds
Number of updated asset objects reloaded before import = 0
Number of asset objects unloaded after import = 107
========================================================================
Received Import Request.
  Time since last request: 0.372860 seconds.
  path: Assets/Resources/UI/AddGroup/AddGroupView.prefab
  artifactKey: Guid(b553e16af9dbf734db591b483ce36b1c) Importer(815301076,1909f56bfc062723c751e8b465ee728b)
Start importing Assets/Resources/UI/AddGroup/AddGroupView.prefab using Guid(b553e16af9dbf734db591b483ce36b1c) Importer(815301076,1909f56bfc062723c751e8b465ee728b)  -> (artifact id: '2fb09d58a49648dc540d62e98ddbdf98') in 0.028002 seconds
Number of updated asset objects reloaded before import = 0
Number of asset objects unloaded after import = 107
========================================================================
Received Import Request.
  Time since last request: 0.368858 seconds.
  path: Assets/Resources/UI/AddGroup/AddGroupView.prefab
  artifactKey: Guid(b553e16af9dbf734db591b483ce36b1c) Importer(815301076,1909f56bfc062723c751e8b465ee728b)
Start importing Assets/Resources/UI/AddGroup/AddGroupView.prefab using Guid(b553e16af9dbf734db591b483ce36b1c) Importer(815301076,1909f56bfc062723c751e8b465ee728b)  -> (artifact id: '09aa6736afabed01bd7367ead04eeb6f') in 0.022629 seconds
Number of updated asset objects reloaded before import = 0
Number of asset objects unloaded after import = 107
========================================================================
Received Import Request.
  Time since last request: 0.183724 seconds.
  path: Assets/Resources/UI/AddGroup/AddGroupView.prefab
  artifactKey: Guid(b553e16af9dbf734db591b483ce36b1c) Importer(815301076,1909f56bfc062723c751e8b465ee728b)
Start importing Assets/Resources/UI/AddGroup/AddGroupView.prefab using Guid(b553e16af9dbf734db591b483ce36b1c) Importer(815301076,1909f56bfc062723c751e8b465ee728b)  -> (artifact id: '6fe0794672417a6ee26fc9682d52a928') in 0.023727 seconds
Number of updated asset objects reloaded before import = 0
Number of asset objects unloaded after import = 107
========================================================================
Received Import Request.
  Time since last request: 0.178342 seconds.
  path: Assets/Resources/UI/AddGroup/AddGroupView.prefab
  artifactKey: Guid(b553e16af9dbf734db591b483ce36b1c) Importer(815301076,1909f56bfc062723c751e8b465ee728b)
Start importing Assets/Resources/UI/AddGroup/AddGroupView.prefab using Guid(b553e16af9dbf734db591b483ce36b1c) Importer(815301076,1909f56bfc062723c751e8b465ee728b)  -> (artifact id: 'dce0712aa21b6025b7e29280e9cf43ef') in 0.023746 seconds
Number of updated asset objects reloaded before import = 0
Number of asset objects unloaded after import = 107
========================================================================
Received Import Request.
  Time since last request: 0.183784 seconds.
  path: Assets/Resources/UI/AddGroup/AddGroupView.prefab
  artifactKey: Guid(b553e16af9dbf734db591b483ce36b1c) Importer(815301076,1909f56bfc062723c751e8b465ee728b)
Start importing Assets/Resources/UI/AddGroup/AddGroupView.prefab using Guid(b553e16af9dbf734db591b483ce36b1c) Importer(815301076,1909f56bfc062723c751e8b465ee728b)  -> (artifact id: 'fc4b7d5cde455b233c5de696e7b2f5ca') in 0.024864 seconds
Number of updated asset objects reloaded before import = 0
Number of asset objects unloaded after import = 107
========================================================================
Received Import Request.
  Time since last request: 0.174391 seconds.
  path: Assets/Resources/UI/AddGroup/AddGroupView.prefab
  artifactKey: Guid(b553e16af9dbf734db591b483ce36b1c) Importer(815301076,1909f56bfc062723c751e8b465ee728b)
Start importing Assets/Resources/UI/AddGroup/AddGroupView.prefab using Guid(b553e16af9dbf734db591b483ce36b1c) Importer(815301076,1909f56bfc062723c751e8b465ee728b)  -> (artifact id: 'fa03c5c37f16d1cbea66a6e129dffd3c') in 0.023782 seconds
Number of updated asset objects reloaded before import = 0
Number of asset objects unloaded after import = 107
========================================================================
Received Import Request.
  Time since last request: 0.179360 seconds.
  path: Assets/Resources/UI/AddGroup/AddGroupView.prefab
  artifactKey: Guid(b553e16af9dbf734db591b483ce36b1c) Importer(815301076,1909f56bfc062723c751e8b465ee728b)
Start importing Assets/Resources/UI/AddGroup/AddGroupView.prefab using Guid(b553e16af9dbf734db591b483ce36b1c) Importer(815301076,1909f56bfc062723c751e8b465ee728b)  -> (artifact id: 'a6bdc561af8a9ccf3309daa573941ef1') in 0.025558 seconds
Number of updated asset objects reloaded before import = 0
Number of asset objects unloaded after import = 107
========================================================================
Received Import Request.
  Time since last request: 0.176185 seconds.
  path: Assets/Resources/UI/AddGroup/AddGroupView.prefab
  artifactKey: Guid(b553e16af9dbf734db591b483ce36b1c) Importer(815301076,1909f56bfc062723c751e8b465ee728b)
Start importing Assets/Resources/UI/AddGroup/AddGroupView.prefab using Guid(b553e16af9dbf734db591b483ce36b1c) Importer(815301076,1909f56bfc062723c751e8b465ee728b)  -> (artifact id: '7072c75e12fa5597a693f864b2bf836a') in 0.023290 seconds
Number of updated asset objects reloaded before import = 0
Number of asset objects unloaded after import = 107
========================================================================
Received Import Request.
  Time since last request: 0.383239 seconds.
  path: Assets/Resources/UI/AddGroup/AddGroupView.prefab
  artifactKey: Guid(b553e16af9dbf734db591b483ce36b1c) Importer(815301076,1909f56bfc062723c751e8b465ee728b)
Start importing Assets/Resources/UI/AddGroup/AddGroupView.prefab using Guid(b553e16af9dbf734db591b483ce36b1c) Importer(815301076,1909f56bfc062723c751e8b465ee728b)  -> (artifact id: 'e1230de40e1ccc0d9f730b820da9a39f') in 0.023355 seconds
Number of updated asset objects reloaded before import = 0
Number of asset objects unloaded after import = 107
========================================================================
Received Import Request.
  Time since last request: 0.176758 seconds.
  path: Assets/Resources/UI/AddGroup/AddGroupView.prefab
  artifactKey: Guid(b553e16af9dbf734db591b483ce36b1c) Importer(815301076,1909f56bfc062723c751e8b465ee728b)
Start importing Assets/Resources/UI/AddGroup/AddGroupView.prefab using Guid(b553e16af9dbf734db591b483ce36b1c) Importer(815301076,1909f56bfc062723c751e8b465ee728b)  -> (artifact id: '6ab662704fdc78e41ba9e7c7c5736d59') in 0.023766 seconds
Number of updated asset objects reloaded before import = 0
Number of asset objects unloaded after import = 107
========================================================================
Received Import Request.
  Time since last request: 0.179537 seconds.
  path: Assets/Resources/UI/AddGroup/AddGroupView.prefab
  artifactKey: Guid(b553e16af9dbf734db591b483ce36b1c) Importer(815301076,1909f56bfc062723c751e8b465ee728b)
Start importing Assets/Resources/UI/AddGroup/AddGroupView.prefab using Guid(b553e16af9dbf734db591b483ce36b1c) Importer(815301076,1909f56bfc062723c751e8b465ee728b)  -> (artifact id: '96698ff2a36ab9a75d417e845ec72e00') in 0.025147 seconds
Number of updated asset objects reloaded before import = 0
Number of asset objects unloaded after import = 107
========================================================================
Received Import Request.
  Time since last request: 0.180861 seconds.
  path: Assets/Resources/UI/AddGroup/AddGroupView.prefab
  artifactKey: Guid(b553e16af9dbf734db591b483ce36b1c) Importer(815301076,1909f56bfc062723c751e8b465ee728b)
Start importing Assets/Resources/UI/AddGroup/AddGroupView.prefab using Guid(b553e16af9dbf734db591b483ce36b1c) Importer(815301076,1909f56bfc062723c751e8b465ee728b)  -> (artifact id: '6c0d95620c78e9509892980dd27d9138') in 0.024063 seconds
Number of updated asset objects reloaded before import = 0
Number of asset objects unloaded after import = 107
========================================================================
Received Import Request.
  Time since last request: 0.379709 seconds.
  path: Assets/Resources/UI/AddGroup/AddGroupView.prefab
  artifactKey: Guid(b553e16af9dbf734db591b483ce36b1c) Importer(815301076,1909f56bfc062723c751e8b465ee728b)
Start importing Assets/Resources/UI/AddGroup/AddGroupView.prefab using Guid(b553e16af9dbf734db591b483ce36b1c) Importer(815301076,1909f56bfc062723c751e8b465ee728b)  -> (artifact id: 'd9c7f6407e6271530da73aab84a2cb7d') in 0.023936 seconds
Number of updated asset objects reloaded before import = 0
Number of asset objects unloaded after import = 107
========================================================================
Received Import Request.
  Time since last request: 0.176401 seconds.
  path: Assets/Resources/UI/AddGroup/AddGroupView.prefab
  artifactKey: Guid(b553e16af9dbf734db591b483ce36b1c) Importer(815301076,1909f56bfc062723c751e8b465ee728b)
Start importing Assets/Resources/UI/AddGroup/AddGroupView.prefab using Guid(b553e16af9dbf734db591b483ce36b1c) Importer(815301076,1909f56bfc062723c751e8b465ee728b)  -> (artifact id: '24d2019e9b64633668590ae0164096af') in 0.023226 seconds
Number of updated asset objects reloaded before import = 0
Number of asset objects unloaded after import = 107
========================================================================
Received Import Request.
  Time since last request: 0.176876 seconds.
  path: Assets/Resources/UI/AddGroup/AddGroupView.prefab
  artifactKey: Guid(b553e16af9dbf734db591b483ce36b1c) Importer(815301076,1909f56bfc062723c751e8b465ee728b)
Start importing Assets/Resources/UI/AddGroup/AddGroupView.prefab using Guid(b553e16af9dbf734db591b483ce36b1c) Importer(815301076,1909f56bfc062723c751e8b465ee728b)  -> (artifact id: 'f8983a9fe2575e0a7ad2f13d8717a3b2') in 0.024660 seconds
Number of updated asset objects reloaded before import = 0
Number of asset objects unloaded after import = 107
========================================================================
Received Import Request.
  Time since last request: 0.400168 seconds.
  path: Assets/Resources/UI/AddGroup/AddGroupView.prefab
  artifactKey: Guid(b553e16af9dbf734db591b483ce36b1c) Importer(815301076,1909f56bfc062723c751e8b465ee728b)
Start importing Assets/Resources/UI/AddGroup/AddGroupView.prefab using Guid(b553e16af9dbf734db591b483ce36b1c) Importer(815301076,1909f56bfc062723c751e8b465ee728b)  -> (artifact id: 'bdc94d2b2617afcb19b7af9cae170f9d') in 0.024854 seconds
Number of updated asset objects reloaded before import = 0
Number of asset objects unloaded after import = 107
========================================================================
Received Import Request.
  Time since last request: 0.357153 seconds.
  path: Assets/Resources/UI/AddGroup/AddGroupView.prefab
  artifactKey: Guid(b553e16af9dbf734db591b483ce36b1c) Importer(815301076,1909f56bfc062723c751e8b465ee728b)
Start importing Assets/Resources/UI/AddGroup/AddGroupView.prefab using Guid(b553e16af9dbf734db591b483ce36b1c) Importer(815301076,1909f56bfc062723c751e8b465ee728b)  -> (artifact id: 'a22737df6d54d7e094eb7d75acd628ad') in 0.023210 seconds
Number of updated asset objects reloaded before import = 0
Number of asset objects unloaded after import = 107
========================================================================
Received Import Request.
  Time since last request: 0.172978 seconds.
  path: Assets/Resources/UI/AddGroup/AddGroupView.prefab
  artifactKey: Guid(b553e16af9dbf734db591b483ce36b1c) Importer(815301076,1909f56bfc062723c751e8b465ee728b)
Start importing Assets/Resources/UI/AddGroup/AddGroupView.prefab using Guid(b553e16af9dbf734db591b483ce36b1c) Importer(815301076,1909f56bfc062723c751e8b465ee728b)  -> (artifact id: '6d23a07ed09e0752e19a51cb51895340') in 0.025474 seconds
Number of updated asset objects reloaded before import = 0
Number of asset objects unloaded after import = 107
========================================================================
Received Import Request.
  Time since last request: 0.185692 seconds.
  path: Assets/Resources/UI/AddGroup/AddGroupView.prefab
  artifactKey: Guid(b553e16af9dbf734db591b483ce36b1c) Importer(815301076,1909f56bfc062723c751e8b465ee728b)
Start importing Assets/Resources/UI/AddGroup/AddGroupView.prefab using Guid(b553e16af9dbf734db591b483ce36b1c) Importer(815301076,1909f56bfc062723c751e8b465ee728b)  -> (artifact id: 'bacfc90e482dc4d811838d1d1396b274') in 0.023434 seconds
Number of updated asset objects reloaded before import = 0
Number of asset objects unloaded after import = 107
========================================================================
Received Import Request.
  Time since last request: 0.173855 seconds.
  path: Assets/Resources/UI/AddGroup/AddGroupView.prefab
  artifactKey: Guid(b553e16af9dbf734db591b483ce36b1c) Importer(815301076,1909f56bfc062723c751e8b465ee728b)
Start importing Assets/Resources/UI/AddGroup/AddGroupView.prefab using Guid(b553e16af9dbf734db591b483ce36b1c) Importer(815301076,1909f56bfc062723c751e8b465ee728b)  -> (artifact id: 'a310042fbb36248d48bebb94628658e0') in 0.029242 seconds
Number of updated asset objects reloaded before import = 0
Number of asset objects unloaded after import = 107
========================================================================
Received Import Request.
  Time since last request: 0.173527 seconds.
  path: Assets/Resources/UI/AddGroup/AddGroupView.prefab
  artifactKey: Guid(b553e16af9dbf734db591b483ce36b1c) Importer(815301076,1909f56bfc062723c751e8b465ee728b)
Start importing Assets/Resources/UI/AddGroup/AddGroupView.prefab using Guid(b553e16af9dbf734db591b483ce36b1c) Importer(815301076,1909f56bfc062723c751e8b465ee728b)  -> (artifact id: '5260a8ea192e4be5fa5d9f9172977d41') in 0.026907 seconds
Number of updated asset objects reloaded before import = 0
Number of asset objects unloaded after import = 107
========================================================================
Received Import Request.
  Time since last request: 0.574782 seconds.
  path: Assets/Resources/UI/AddGroup/AddGroupView.prefab
  artifactKey: Guid(b553e16af9dbf734db591b483ce36b1c) Importer(815301076,1909f56bfc062723c751e8b465ee728b)
Start importing Assets/Resources/UI/AddGroup/AddGroupView.prefab using Guid(b553e16af9dbf734db591b483ce36b1c) Importer(815301076,1909f56bfc062723c751e8b465ee728b)  -> (artifact id: 'e6e155ce7cb81845351d6c8e8448ed05') in 0.023061 seconds
Number of updated asset objects reloaded before import = 0
Number of asset objects unloaded after import = 107
========================================================================
Received Import Request.
  Time since last request: 0.178342 seconds.
  path: Assets/Resources/UI/AddGroup/AddGroupView.prefab
  artifactKey: Guid(b553e16af9dbf734db591b483ce36b1c) Importer(815301076,1909f56bfc062723c751e8b465ee728b)
Start importing Assets/Resources/UI/AddGroup/AddGroupView.prefab using Guid(b553e16af9dbf734db591b483ce36b1c) Importer(815301076,1909f56bfc062723c751e8b465ee728b)  -> (artifact id: 'c6dfeef35b390ac9b74275e36f0f0a00') in 0.024500 seconds
Number of updated asset objects reloaded before import = 0
Number of asset objects unloaded after import = 107
========================================================================
Received Import Request.
  Time since last request: 0.174266 seconds.
  path: Assets/Resources/UI/AddGroup/AddGroupView.prefab
  artifactKey: Guid(b553e16af9dbf734db591b483ce36b1c) Importer(815301076,1909f56bfc062723c751e8b465ee728b)
Start importing Assets/Resources/UI/AddGroup/AddGroupView.prefab using Guid(b553e16af9dbf734db591b483ce36b1c) Importer(815301076,1909f56bfc062723c751e8b465ee728b)  -> (artifact id: 'ce052ef2fba528bf5eb3f1ac7d809e71') in 0.024067 seconds
Number of updated asset objects reloaded before import = 0
Number of asset objects unloaded after import = 107
========================================================================
Received Import Request.
  Time since last request: 0.174596 seconds.
  path: Assets/Resources/UI/AddGroup/AddGroupView.prefab
  artifactKey: Guid(b553e16af9dbf734db591b483ce36b1c) Importer(815301076,1909f56bfc062723c751e8b465ee728b)
Start importing Assets/Resources/UI/AddGroup/AddGroupView.prefab using Guid(b553e16af9dbf734db591b483ce36b1c) Importer(815301076,1909f56bfc062723c751e8b465ee728b)  -> (artifact id: 'e6f0baeb7d42b2afcddedc8673033f9b') in 0.027507 seconds
Number of updated asset objects reloaded before import = 0
Number of asset objects unloaded after import = 107
========================================================================
Received Import Request.
  Time since last request: 0.988734 seconds.
  path: Assets/Resources/UI/AddGroup/AddGroupView.prefab
  artifactKey: Guid(b553e16af9dbf734db591b483ce36b1c) Importer(815301076,1909f56bfc062723c751e8b465ee728b)
Start importing Assets/Resources/UI/AddGroup/AddGroupView.prefab using Guid(b553e16af9dbf734db591b483ce36b1c) Importer(815301076,1909f56bfc062723c751e8b465ee728b)  -> (artifact id: '209f2f4831f30582175bfbc301ea8152') in 0.024139 seconds
Number of updated asset objects reloaded before import = 0
Number of asset objects unloaded after import = 107
